-------------------------------------------------------------------------------
Test set: CucumberRunner
-------------------------------------------------------------------------------
Tests run: 10, Failures: 0, Errors: 2, Skipped: 0, Time elapsed: 61.351 sec <<< FAILURE! - in CucumberRunner
Когда проверить поиск по первому значению(Сценарий: Телевизоры)  Time elapsed: 0.068 sec  <<< ERROR!
java.lang.NullPointerException

Сценарий: Телевизоры  Time elapsed: 0.068 sec  <<< ERROR!
java.lang.NullPointerException

